Change Component Designator: Old Designator=C3 New Designator=C4
Change Component Designator: Old Designator=C4 New Designator=C7
Change Component Designator: Old Designator=C5 New Designator=C3
Change Component Designator: Old Designator=C6 New Designator=C5
Change Component Designator: Old Designator=C7 New Designator=C6
Change Component Designator: Old Designator=C10 New Designator=C11
Change Component Designator: Old Designator=C11 New Designator=C10
Change Component Designator: Old Designator=D4 New Designator=D5
Change Component Designator: Old Designator=D5 New Designator=D6
Change Component Designator: Old Designator=D6 New Designator=D4
Change Component Designator: Old Designator=P2 New Designator=P1
Change Component Designator: Old Designator=P3 New Designator=P2
Change Component Designator: Old Designator=P4 New Designator=P3
Change Component Designator: Old Designator=ping3_1 New Designator=ping2
Change Component Designator: Old Designator=Ping3_2 New Designator=Ping1
Change Component Designator: Old Designator=Ping 4 New Designator=Ping 1
Change Component Designator: Old Designator=R7 New Designator=R3
Change Component Designator: Old Designator=R8 New Designator=R2
Change Component Designator: Old Designator=R96 New Designator=R6
Change Component Designator: Old Designator=R97 New Designator=R7
Change Component Designator: Old Designator=R98 New Designator=R9
Change Component Designator: Old Designator=R99 New Designator=R10
Change Component Designator: Old Designator=R100 New Designator=R5
Change Component Designator: Old Designator=R101 New Designator=R8
Change Component Designator: Old Designator=R102 New Designator=R11
Change Component Designator: Old Designator=R? New Designator=R4
Change Component Designator: Old Designator=S2 New Designator=S1
Change Component Designator: Old Designator=S3 New Designator=S2
Change Component Designator: Old Designator=U? New Designator=U1
Change Component Designator: Old Designator=XTAL New Designator=XTAL1
